<?xml version="1.0" encoding="UTF-8"?>
<!-- Generated by org.testng.reporters.JUnitXMLReporter -->
<testsuite ignored="2" hostname="DESKTOP-613KFGD" failures="1" tests="1" name="Default test(failed)" time="6.196" errors="0" timestamp="2023-10-21T18:07:57 IST">
  <testcase classname="testCases.Login_Page_Test" name="loginToApplicationTest" time="1.258">
    <failure type="java.lang.AssertionError" message="expected [https://www.saucedemo.com/inventory.html] but found [Swag Labs]">
      <![CDATA[java.lang.AssertionError: expected [https://www.saucedemo.com/inventory.html] but found [Swag Labs]
at testCases.Login_Page_Test.loginToApplicationTest(Login_Page_Test.java:47)
at java.base/java.util.ArrayList.forEach(ArrayList.java:1511)
... Removed 33 stack frames]]>
    </failure>
  </testcase> <!-- loginToApplicationTest -->
  <testcase classname="testCases.Login_Page_Test" name="verifyTitleTest" time="0.0">
    <ignored/>
  </testcase> <!-- verifyTitleTest -->
  <testcase classname="testCases.Login_Page_Test" name="verifyURL" time="0.0">
    <ignored/>
  </testcase> <!-- verifyURL -->
</testsuite> <!-- Default test(failed) -->
