<?xml version="1.0" encoding="UTF-8"?>
<!-- Generated by org.testng.reporters.JUnitXMLReporter -->
<testsuite ignored="0" hostname="DESKTOP-613KFGD" failures="0" tests="3" name="Default test" time="11.698" errors="0" timestamp="2023-10-30T21:48:28 IST">
  <testcase classname="testCases.Login_Page_Test" name="verifyTitleTest" time="0.881"/>
  <testcase classname="testCases.Login_Page_Test" name="verifyURL" time="0.066"/>
  <testcase classname="testCases.Login_Page_Test" name="loginToApplicationTest" time="0.452"/>
</testsuite> <!-- Default test -->
