<?xml version="1.0" encoding="UTF-8"?>
<!-- Generated by org.testng.reporters.JUnitXMLReporter -->
<testsuite ignored="2" hostname="DESKTOP-613KFGD" failures="0" tests="3" name="Run2ClassesTest" time="14.818" errors="0" timestamp="2023-10-31T19:05:03 IST">
  <testcase classname="testCases.Login_Page_Test" name="verifyTitleTest" time="0.909"/>
  <testcase classname="testCases.Login_Page_Test" name="verifyURL" time="1.294"/>
  <testcase classname="testCases.Checkout_Page_Test" name="verifyURLOfApplicationTest" time="0.048"/>
  <testcase classname="testCases.Login_Page_Test" name="loginToApplicationTest" time="0.0">
    <ignored/>
  </testcase> <!-- loginToApplicationTest -->
  <testcase classname="testCases.Checkout_Page_Test" name="inputInfoTest" time="0.0">
    <ignored/>
  </testcase> <!-- inputInfoTest -->
</testsuite> <!-- Run2ClassesTest -->
