<?xml version="1.0" encoding="UTF-8"?>
<!-- Generated by org.testng.reporters.JUnitXMLReporter -->
<testsuite ignored="0" hostname="DESKTOP-613KFGD" failures="0" tests="7" name="Test" time="30.089" errors="0" timestamp="2023-10-21T18:18:08 IST">
  <testcase classname="testCases.Login_Page_Test" name="loginToApplicationTest" time="1.198"/>
  <testcase classname="testCases.Login_Page_Test" name="verifyTitleTest" time="0.084"/>
  <testcase classname="testCases.Login_Page_Test" name="verifyURL" time="0.078"/>
  <testcase classname="testCases.Checkout_Complete_Page_Test" name="verifyURLTest" time="0.049"/>
  <testcase classname="testCases.Checkout_Complete_Page_Test" name="verifycheckImgTest" time="0.053"/>
  <testcase classname="testCases.Checkout_Complete_Page_Test" name="verifycheckoutCompleteLableTest" time="0.068"/>
  <testcase classname="testCases.Checkout_Complete_Page_Test" name="verifythankUTxtTest" time="0.057"/>
</testsuite> <!-- Test -->
