<?xml version="1.0" encoding="UTF-8"?>
<!-- Generated by org.testng.reporters.JUnitXMLReporter -->
<testsuite ignored="2" hostname="DESKTOP-613KFGD" failures="0" tests="1" name="Default test(failed)(failed)" time="5.855" errors="0" timestamp="2023-10-21T18:08:31 IST">
  <testcase classname="testCases.Login_Page_Test" name="loginToApplicationTest" time="1.169"/>
  <testcase classname="testCases.Login_Page_Test" name="verifyTitleTest" time="0.0">
    <ignored/>
  </testcase> <!-- verifyTitleTest -->
  <testcase classname="testCases.Login_Page_Test" name="verifyURL" time="0.0">
    <ignored/>
  </testcase> <!-- verifyURL -->
</testsuite> <!-- Default test(failed)(failed) -->
